<?xml version="1.0" encoding="UTF-8"?>
<!-- Generated by org.testng.reporters.JUnitReportReporter -->
<testsuite hostname="WILASSETA0140" failures="0" tests="1" name="com.blazedemo.hcode.tests.ContactUsPageTestScript" time="17.633" errors="0" timestamp="21 Apr 2024 17:22:02 GMT" skipped="0">
  <testcase classname="com.blazedemo.hcode.tests.ContactUsPageTestScript" name="verifyContactUsPage" time="17.633"/>
</testsuite> <!-- com.blazedemo.hcode.tests.ContactUsPageTestScript -->
