<?xml version="1.0" encoding="UTF-8"?>
<!-- Generated by org.testng.reporters.JUnitReportReporter -->
<testsuite hostname="WILASSETA0140" failures="0" tests="1" name="com.blazedemo.hcode.tests.TestScript" time="14.728" errors="0" timestamp="21 Apr 2024 15:34:48 GMT" skipped="0">
  <testcase classname="com.blazedemo.hcode.tests.TestScript" name="verifyUserisAbleToOrderProduct" time="14.728"/>
</testsuite> <!-- com.blazedemo.hcode.tests.TestScript -->
